Determining size of off64_t failed with the following output:
Change Dir: C:/Users/40212722/Desktop/set08116/labs/coursework-build/CMakeFiles/CMakeTmp

Run Build Command:"C:/Program Files (x86)/MSBuild/14.0/bin/MSBuild.exe" "cmTC_602fd.vcxproj" "/p:Configuration=Debug" "/p:VisualStudioVersion=14.0"
Microsoft (R) Build Engine version 14.0.25420.1
Copyright (C) Microsoft Corporation. All rights reserved.

Build started 24/02/2017 11:42:53.
Project "C:\Users\40212722\Desktop\set08116\labs\coursework-build\CMakeFiles\CMakeTmp\cmTC_602fd.vcxproj" on node 1 (default targets).
PrepareForBuild:
  Creating directory "cmTC_602fd.dir\Debug\".
  Creating directory "C:\Users\40212722\Desktop\set08116\labs\coursework-build\CMakeFiles\CMakeTmp\Debug\".
  Creating directory "cmTC_602fd.dir\Debug\cmTC_602fd.tlog\".
InitializeBuildStatus:
  Creating "cmTC_602fd.dir\Debug\cmTC_602fd.tlog\unsuccessfulbuild" because "AlwaysCreate" was specified.
ClCompile:
  C:\Program Files (x86)\Microsoft Visual Studio 14.0\VC\bin\x86_amd64\CL.exe /c /Zi /W3 /WX- /Od /Ob0 /D WIN32 /D _WINDOWS /D _DEBUG /D _LARGEFILE64_SOURCE=1 /D HAVE_SYS_TYPES_H /D HAVE_STDINT_H /D HAVE_STDDEF_H /D "CMAKE_INTDIR=\"Debug\"" /D _MBCS /Gm- /RTC1 /MDd /GS /fp:precise /Zc:wchar_t /Zc:forScope /Zc:inline /Fo"cmTC_602fd.dir\Debug\\" /Fd"cmTC_602fd.dir\Debug\vc140.pdb" /Gd /TC /errorReport:queue "C:\Users\40212722\Desktop\set08116\labs\coursework-build\CMakeFiles\CheckTypeSize\OFF64_T.c"
  Microsoft (R) C/C++ Optimizing Compiler Version 19.00.24213.1 for x64
  Copyright (C) Microsoft Corporation.  All rights reserved.
  
  cl /c /Zi /W3 /WX- /Od /Ob0 /D WIN32 /D _WINDOWS /D _DEBUG /D _LARGEFILE64_SOURCE=1 /D HAVE_SYS_TYPES_H /D HAVE_STDINT_H /D HAVE_STDDEF_H /D "CMAKE_INTDIR=\"Debug\"" /D _MBCS /Gm- /RTC1 /MDd /GS /fp:precise /Zc:wchar_t /Zc:forScope /Zc:inline /Fo"cmTC_602fd.dir\Debug\\" /Fd"cmTC_602fd.dir\Debug\vc140.pdb" /Gd /TC /errorReport:queue "C:\Users\40212722\Desktop\set08116\labs\coursework-build\CMakeFiles\CheckTypeSize\OFF64_T.c"
  OFF64_T.c
  
C:\Users\40212722\Desktop\set08116\labs\coursework-build\CMakeFiles\CheckTypeSize\OFF64_T.c(19): error C2065: 'off64_t': undeclared identifier [C:\Users\40212722\Desktop\set08116\labs\coursework-build\CMakeFiles\CMakeTmp\cmTC_602fd.vcxproj]
C:\Users\40212722\Desktop\set08116\labs\coursework-build\CMakeFiles\CheckTypeSize\OFF64_T.c(20): error C2065: 'off64_t': undeclared identifier [C:\Users\40212722\Desktop\set08116\labs\coursework-build\CMakeFiles\CMakeTmp\cmTC_602fd.vcxproj]
C:\Users\40212722\Desktop\set08116\labs\coursework-build\CMakeFiles\CheckTypeSize\OFF64_T.c(21): error C2065: 'off64_t': undeclared identifier [C:\Users\40212722\Desktop\set08116\labs\coursework-build\CMakeFiles\CMakeTmp\cmTC_602fd.vcxproj]
C:\Users\40212722\Desktop\set08116\labs\coursework-build\CMakeFiles\CheckTypeSize\OFF64_T.c(22): error C2065: 'off64_t': undeclared identifier [C:\Users\40212722\Desktop\set08116\labs\coursework-build\CMakeFiles\CMakeTmp\cmTC_602fd.vcxproj]
C:\Users\40212722\Desktop\set08116\labs\coursework-build\CMakeFiles\CheckTypeSize\OFF64_T.c(23): error C2065: 'off64_t': undeclared identifier [C:\Users\40212722\Desktop\set08116\labs\coursework-build\CMakeFiles\CMakeTmp\cmTC_602fd.vcxproj]
Done Building Project "C:\Users\40212722\Desktop\set08116\labs\coursework-build\CMakeFiles\CMakeTmp\cmTC_602fd.vcxproj" (default targets) -- FAILED.

Build FAILED.

"C:\Users\40212722\Desktop\set08116\labs\coursework-build\CMakeFiles\CMakeTmp\cmTC_602fd.vcxproj" (default target) (1) ->
(ClCompile target) -> 
  C:\Users\40212722\Desktop\set08116\labs\coursework-build\CMakeFiles\CheckTypeSize\OFF64_T.c(19): error C2065: 'off64_t': undeclared identifier [C:\Users\40212722\Desktop\set08116\labs\coursework-build\CMakeFiles\CMakeTmp\cmTC_602fd.vcxproj]
  C:\Users\40212722\Desktop\set08116\labs\coursework-build\CMakeFiles\CheckTypeSize\OFF64_T.c(20): error C2065: 'off64_t': undeclared identifier [C:\Users\40212722\Desktop\set08116\labs\coursework-build\CMakeFiles\CMakeTmp\cmTC_602fd.vcxproj]
  C:\Users\40212722\Desktop\set08116\labs\coursework-build\CMakeFiles\CheckTypeSize\OFF64_T.c(21): error C2065: 'off64_t': undeclared identifier [C:\Users\40212722\Desktop\set08116\labs\coursework-build\CMakeFiles\CMakeTmp\cmTC_602fd.vcxproj]
  C:\Users\40212722\Desktop\set08116\labs\coursework-build\CMakeFiles\CheckTypeSize\OFF64_T.c(22): error C2065: 'off64_t': undeclared identifier [C:\Users\40212722\Desktop\set08116\labs\coursework-build\CMakeFiles\CMakeTmp\cmTC_602fd.vcxproj]
  C:\Users\40212722\Desktop\set08116\labs\coursework-build\CMakeFiles\CheckTypeSize\OFF64_T.c(23): error C2065: 'off64_t': undeclared identifier [C:\Users\40212722\Desktop\set08116\labs\coursework-build\CMakeFiles\CMakeTmp\cmTC_602fd.vcxproj]

    0 Warning(s)
    5 Error(s)

Time Elapsed 00:00:00.26

C:/Users/40212722/Desktop/set08116/labs/coursework-build/CMakeFiles/CheckTypeSize/OFF64_T.c:
#include <sys/types.h>
#include <stdint.h>
#include <stddef.h>


#undef KEY
#if defined(__i386)
# define KEY '_','_','i','3','8','6'
#elif defined(__x86_64)
# define KEY '_','_','x','8','6','_','6','4'
#elif defined(__ppc__)
# define KEY '_','_','p','p','c','_','_'
#elif defined(__ppc64__)
# define KEY '_','_','p','p','c','6','4','_','_'
#endif

#define SIZE (sizeof(off64_t))
char info_size[] =  {'I', 'N', 'F', 'O', ':', 's','i','z','e','[',
  ('0' + ((SIZE / 10000)%10)),
  ('0' + ((SIZE / 1000)%10)),
  ('0' + ((SIZE / 100)%10)),
  ('0' + ((SIZE / 10)%10)),
  ('0' +  (SIZE    % 10)),
  ']',
#ifdef KEY
  ' ','k','e','y','[', KEY, ']',
#endif
  '\0'};

#ifdef __CLASSIC_C__
int main(argc, argv) int argc; char *argv[];
#else
int main(int argc, char *argv[])
#endif
{
  int require = 0;
  require += info_size[argc];
  (void)argv;
  return require;
}


Determining if the function fseeko exists failed with the following output:
Change Dir: C:/Users/40212722/Desktop/set08116/labs/coursework-build/CMakeFiles/CMakeTmp

Run Build Command:"C:/Program Files (x86)/MSBuild/14.0/bin/MSBuild.exe" "cmTC_48c3c.vcxproj" "/p:Configuration=Debug" "/p:VisualStudioVersion=14.0"
Microsoft (R) Build Engine version 14.0.25420.1
Copyright (C) Microsoft Corporation. All rights reserved.

Build started 24/02/2017 11:42:54.
Project "C:\Users\40212722\Desktop\set08116\labs\coursework-build\CMakeFiles\CMakeTmp\cmTC_48c3c.vcxproj" on node 1 (default targets).
PrepareForBuild:
  Creating directory "cmTC_48c3c.dir\Debug\".
  Creating directory "C:\Users\40212722\Desktop\set08116\labs\coursework-build\CMakeFiles\CMakeTmp\Debug\".
  Creating directory "cmTC_48c3c.dir\Debug\cmTC_48c3c.tlog\".
InitializeBuildStatus:
  Creating "cmTC_48c3c.dir\Debug\cmTC_48c3c.tlog\unsuccessfulbuild" because "AlwaysCreate" was specified.
ClCompile:
  C:\Program Files (x86)\Microsoft Visual Studio 14.0\VC\bin\x86_amd64\CL.exe /c /Zi /W3 /WX- /Od /Ob0 /D WIN32 /D _WINDOWS /D CHECK_FUNCTION_EXISTS=fseeko /D _DEBUG /D "CMAKE_INTDIR=\"Debug\"" /D _MBCS /Gm- /RTC1 /MDd /GS /fp:precise /Zc:wchar_t /Zc:forScope /Zc:inline /Fo"cmTC_48c3c.dir\Debug\\" /Fd"cmTC_48c3c.dir\Debug\vc140.pdb" /Gd /TC /errorReport:queue "C:\Program Files\CMake\share\cmake-3.6\Modules\CheckFunctionExists.c"
  Microsoft (R) C/C++ Optimizing Compiler Version 19.00.24213.1 for x64
  Copyright (C) Microsoft Corporation.  All rights reserved.
  
  cl /c /Zi /W3 /WX- /Od /Ob0 /D WIN32 /D _WINDOWS /D CHECK_FUNCTION_EXISTS=fseeko /D _DEBUG /D "CMAKE_INTDIR=\"Debug\"" /D _MBCS /Gm- /RTC1 /MDd /GS /fp:precise /Zc:wchar_t /Zc:forScope /Zc:inline /Fo"cmTC_48c3c.dir\Debug\\" /Fd"cmTC_48c3c.dir\Debug\vc140.pdb" /Gd /TC /errorReport:queue "C:\Program Files\CMake\share\cmake-3.6\Modules\CheckFunctionExists.c"
  CheckFunctionExists.c
  
Link:
  C:\Program Files (x86)\Microsoft Visual Studio 14.0\VC\bin\x86_amd64\link.exe /ERRORREPORT:QUEUE /OUT:"C:\Users\40212722\Desktop\set08116\labs\coursework-build\CMakeFiles\CMakeTmp\Debug\cmTC_48c3c.exe" /INCREMENTAL /NOLOGO kernel32.lib user32.lib gdi32.lib winspool.lib shell32.lib ole32.lib oleaut32.lib uuid.lib comdlg32.lib advapi32.lib /MANIFEST /MANIFESTUAC:"level='asInvoker' uiAccess='false'" /manifest:embed /DEBUG /PDB:"C:/Users/40212722/Desktop/set08116/labs/coursework-build/CMakeFiles/CMakeTmp/Debug/cmTC_48c3c.pdb" /SUBSYSTEM:CONSOLE /TLBID:1 /DYNAMICBASE /NXCOMPAT /IMPLIB:"C:/Users/40212722/Desktop/set08116/labs/coursework-build/CMakeFiles/CMakeTmp/Debug/cmTC_48c3c.lib" /MACHINE:X64  /machine:x64 cmTC_48c3c.dir\Debug\CheckFunctionExists.obj
CheckFunctionExists.obj : error LNK2019: unresolved external symbol fseeko referenced in function main [C:\Users\40212722\Desktop\set08116\labs\coursework-build\CMakeFiles\CMakeTmp\cmTC_48c3c.vcxproj]
C:\Users\40212722\Desktop\set08116\labs\coursework-build\CMakeFiles\CMakeTmp\Debug\cmTC_48c3c.exe : fatal error LNK1120: 1 unresolved externals [C:\Users\40212722\Desktop\set08116\labs\coursework-build\CMakeFiles\CMakeTmp\cmTC_48c3c.vcxproj]
Done Building Project "C:\Users\40212722\Desktop\set08116\labs\coursework-build\CMakeFiles\CMakeTmp\cmTC_48c3c.vcxproj" (default targets) -- FAILED.

Build FAILED.

"C:\Users\40212722\Desktop\set08116\labs\coursework-build\CMakeFiles\CMakeTmp\cmTC_48c3c.vcxproj" (default target) (1) ->
(Link target) -> 
  CheckFunctionExists.obj : error LNK2019: unresolved external symbol fseeko referenced in function main [C:\Users\40212722\Desktop\set08116\labs\coursework-build\CMakeFiles\CMakeTmp\cmTC_48c3c.vcxproj]
  C:\Users\40212722\Desktop\set08116\labs\coursework-build\CMakeFiles\CMakeTmp\Debug\cmTC_48c3c.exe : fatal error LNK1120: 1 unresolved externals [C:\Users\40212722\Desktop\set08116\labs\coursework-build\CMakeFiles\CMakeTmp\cmTC_48c3c.vcxproj]

    0 Warning(s)
    2 Error(s)

Time Elapsed 00:00:00.43


Determining if the include file unistd.h exists failed with the following output:
Change Dir: C:/Users/40212722/Desktop/set08116/labs/coursework-build/CMakeFiles/CMakeTmp

Run Build Command:"C:/Program Files (x86)/MSBuild/14.0/bin/MSBuild.exe" "cmTC_1eb55.vcxproj" "/p:Configuration=Debug" "/p:VisualStudioVersion=14.0"
Microsoft (R) Build Engine version 14.0.25420.1
Copyright (C) Microsoft Corporation. All rights reserved.

Build started 24/02/2017 11:42:54.
Project "C:\Users\40212722\Desktop\set08116\labs\coursework-build\CMakeFiles\CMakeTmp\cmTC_1eb55.vcxproj" on node 1 (default targets).
PrepareForBuild:
  Creating directory "cmTC_1eb55.dir\Debug\".
  Creating directory "C:\Users\40212722\Desktop\set08116\labs\coursework-build\CMakeFiles\CMakeTmp\Debug\".
  Creating directory "cmTC_1eb55.dir\Debug\cmTC_1eb55.tlog\".
InitializeBuildStatus:
  Creating "cmTC_1eb55.dir\Debug\cmTC_1eb55.tlog\unsuccessfulbuild" because "AlwaysCreate" was specified.
ClCompile:
  C:\Program Files (x86)\Microsoft Visual Studio 14.0\VC\bin\x86_amd64\CL.exe /c /Zi /W3 /WX- /Od /Ob0 /D WIN32 /D _WINDOWS /D _DEBUG /D "CMAKE_INTDIR=\"Debug\"" /D _MBCS /Gm- /RTC1 /MDd /GS /fp:precise /Zc:wchar_t /Zc:forScope /Zc:inline /Fo"cmTC_1eb55.dir\Debug\\" /Fd"cmTC_1eb55.dir\Debug\vc140.pdb" /Gd /TC /errorReport:queue "C:\Users\40212722\Desktop\set08116\labs\coursework-build\CMakeFiles\CMakeTmp\CheckIncludeFile.c"
  Microsoft (R) C/C++ Optimizing Compiler Version 19.00.24213.1 for x64
  Copyright (C) Microsoft Corporation.  All rights reserved.
  
  cl /c /Zi /W3 /WX- /Od /Ob0 /D WIN32 /D _WINDOWS /D _DEBUG /D "CMAKE_INTDIR=\"Debug\"" /D _MBCS /Gm- /RTC1 /MDd /GS /fp:precise /Zc:wchar_t /Zc:forScope /Zc:inline /Fo"cmTC_1eb55.dir\Debug\\" /Fd"cmTC_1eb55.dir\Debug\vc140.pdb" /Gd /TC /errorReport:queue "C:\Users\40212722\Desktop\set08116\labs\coursework-build\CMakeFiles\CMakeTmp\CheckIncludeFile.c"
  CheckIncludeFile.c
  
C:\Users\40212722\Desktop\set08116\labs\coursework-build\CMakeFiles\CMakeTmp\CheckIncludeFile.c(1): fatal error C1083: Cannot open include file: 'unistd.h': No such file or directory [C:\Users\40212722\Desktop\set08116\labs\coursework-build\CMakeFiles\CMakeTmp\cmTC_1eb55.vcxproj]
Done Building Project "C:\Users\40212722\Desktop\set08116\labs\coursework-build\CMakeFiles\CMakeTmp\cmTC_1eb55.vcxproj" (default targets) -- FAILED.

Build FAILED.

"C:\Users\40212722\Desktop\set08116\labs\coursework-build\CMakeFiles\CMakeTmp\cmTC_1eb55.vcxproj" (default target) (1) ->
(ClCompile target) -> 
  C:\Users\40212722\Desktop\set08116\labs\coursework-build\CMakeFiles\CMakeTmp\CheckIncludeFile.c(1): fatal error C1083: Cannot open include file: 'unistd.h': No such file or directory [C:\Users\40212722\Desktop\set08116\labs\coursework-build\CMakeFiles\CMakeTmp\cmTC_1eb55.vcxproj]

    0 Warning(s)
    1 Error(s)

Time Elapsed 00:00:00.27


Determining if the include file pthread.h exists failed with the following output:
Change Dir: C:/Users/40212722/Desktop/set08116/labs/coursework-build/CMakeFiles/CMakeTmp

Run Build Command:"C:/Program Files (x86)/MSBuild/14.0/bin/MSBuild.exe" "cmTC_d9507.vcxproj" "/p:Configuration=Debug" "/p:VisualStudioVersion=14.0"
Microsoft (R) Build Engine version 14.0.25420.1
Copyright (C) Microsoft Corporation. All rights reserved.

Build started 24/02/2017 11:43:01.
Project "C:\Users\40212722\Desktop\set08116\labs\coursework-build\CMakeFiles\CMakeTmp\cmTC_d9507.vcxproj" on node 1 (default targets).
PrepareForBuild:
  Creating directory "cmTC_d9507.dir\Debug\".
  Creating directory "C:\Users\40212722\Desktop\set08116\labs\coursework-build\CMakeFiles\CMakeTmp\Debug\".
  Creating directory "cmTC_d9507.dir\Debug\cmTC_d9507.tlog\".
InitializeBuildStatus:
  Creating "cmTC_d9507.dir\Debug\cmTC_d9507.tlog\unsuccessfulbuild" because "AlwaysCreate" was specified.
ClCompile:
  C:\Program Files (x86)\Microsoft Visual Studio 14.0\VC\bin\x86_amd64\CL.exe /c /Zi /W3 /WX- /Od /Ob0 /D WIN32 /D _WINDOWS /D _DEBUG /D "CMAKE_INTDIR=\"Debug\"" /D _MBCS /Gm- /RTC1 /MDd /GS /fp:precise /Zc:wchar_t /Zc:forScope /Zc:inline /Fo"cmTC_d9507.dir\Debug\\" /Fd"cmTC_d9507.dir\Debug\vc140.pdb" /Gd /TC /errorReport:queue "C:\Users\40212722\Desktop\set08116\labs\coursework-build\CMakeFiles\CMakeTmp\CheckIncludeFile.c"
  Microsoft (R) C/C++ Optimizing Compiler Version 19.00.24213.1 for x64
  Copyright (C) Microsoft Corporation.  All rights reserved.
  
  cl /c /Zi /W3 /WX- /Od /Ob0 /D WIN32 /D _WINDOWS /D _DEBUG /D "CMAKE_INTDIR=\"Debug\"" /D _MBCS /Gm- /RTC1 /MDd /GS /fp:precise /Zc:wchar_t /Zc:forScope /Zc:inline /Fo"cmTC_d9507.dir\Debug\\" /Fd"cmTC_d9507.dir\Debug\vc140.pdb" /Gd /TC /errorReport:queue "C:\Users\40212722\Desktop\set08116\labs\coursework-build\CMakeFiles\CMakeTmp\CheckIncludeFile.c"
  CheckIncludeFile.c
  
C:\Users\40212722\Desktop\set08116\labs\coursework-build\CMakeFiles\CMakeTmp\CheckIncludeFile.c(1): fatal error C1083: Cannot open include file: 'pthread.h': No such file or directory [C:\Users\40212722\Desktop\set08116\labs\coursework-build\CMakeFiles\CMakeTmp\cmTC_d9507.vcxproj]
Done Building Project "C:\Users\40212722\Desktop\set08116\labs\coursework-build\CMakeFiles\CMakeTmp\cmTC_d9507.vcxproj" (default targets) -- FAILED.

Build FAILED.

"C:\Users\40212722\Desktop\set08116\labs\coursework-build\CMakeFiles\CMakeTmp\cmTC_d9507.vcxproj" (default target) (1) ->
(ClCompile target) -> 
  C:\Users\40212722\Desktop\set08116\labs\coursework-build\CMakeFiles\CMakeTmp\CheckIncludeFile.c(1): fatal error C1083: Cannot open include file: 'pthread.h': No such file or directory [C:\Users\40212722\Desktop\set08116\labs\coursework-build\CMakeFiles\CMakeTmp\cmTC_d9507.vcxproj]

    0 Warning(s)
    1 Error(s)

Time Elapsed 00:00:00.26


Performing C SOURCE FILE Test HAVE_LD_VERSION_SCRIPT failed with the following output:
Change Dir: C:/Users/40212722/Desktop/set08116/labs/coursework-build/CMakeFiles/CMakeTmp

Run Build Command:"C:/Program Files (x86)/MSBuild/14.0/bin/MSBuild.exe" "cmTC_07ee4.vcxproj" "/p:Configuration=Debug" "/p:VisualStudioVersion=14.0"
Microsoft (R) Build Engine version 14.0.25420.1
Copyright (C) Microsoft Corporation. All rights reserved.

Build started 24/02/2017 11:43:54.
Project "C:\Users\40212722\Desktop\set08116\labs\coursework-build\CMakeFiles\CMakeTmp\cmTC_07ee4.vcxproj" on node 1 (default targets).
PrepareForBuild:
  Creating directory "cmTC_07ee4.dir\Debug\".
  Creating directory "C:\Users\40212722\Desktop\set08116\labs\coursework-build\CMakeFiles\CMakeTmp\Debug\".
  Creating directory "cmTC_07ee4.dir\Debug\cmTC_07ee4.tlog\".
InitializeBuildStatus:
  Creating "cmTC_07ee4.dir\Debug\cmTC_07ee4.tlog\unsuccessfulbuild" because "AlwaysCreate" was specified.
ClCompile:
  C:\Program Files (x86)\Microsoft Visual Studio 14.0\VC\bin\x86_amd64\CL.exe /c /Zi /W3 /WX- /Od /Ob0 /D WIN32 /D _WINDOWS /D HAVE_LD_VERSION_SCRIPT /D _DEBUG /D "CMAKE_INTDIR=\"Debug\"" /D _MBCS /Gm- /RTC1 /MDd /GS /fp:precise /Zc:wchar_t /Zc:forScope /Zc:inline /Fo"cmTC_07ee4.dir\Debug\\" /Fd"cmTC_07ee4.dir\Debug\vc140.pdb" /Gd /TC /errorReport:queue  "-Wl,--version-script='C:/Users/40212722/Desktop/set08116/labs/coursework-build/libpng-build/conftest.map'" "C:\Users\40212722\Desktop\set08116\labs\coursework-build\CMakeFiles\CMakeTmp\src.c"
  Microsoft (R) C/C++ Optimizing Compiler Version 19.00.24213.1 for x64
  Copyright (C) Microsoft Corporation.  All rights reserved.
  
  cl /c /Zi /W3 /WX- /Od /Ob0 /D WIN32 /D _WINDOWS /D HAVE_LD_VERSION_SCRIPT /D _DEBUG /D "CMAKE_INTDIR=\"Debug\"" /D _MBCS /Gm- /RTC1 /MDd /GS /fp:precise /Zc:wchar_t /Zc:forScope /Zc:inline /Fo"cmTC_07ee4.dir\Debug\\" /Fd"cmTC_07ee4.dir\Debug\vc140.pdb" /Gd /TC /errorReport:queue  "-Wl,--version-script='C:/Users/40212722/Desktop/set08116/labs/coursework-build/libpng-build/conftest.map'" "C:\Users\40212722\Desktop\set08116\labs\coursework-build\CMakeFiles\CMakeTmp\src.c"
cl : Command line error D8021: invalid numeric argument '/Wl,--version-script='C:/Users/40212722/Desktop/set08116/labs/coursework-build/libpng-build/conftest.map'' [C:\Users\40212722\Desktop\set08116\labs\coursework-build\CMakeFiles\CMakeTmp\cmTC_07ee4.vcxproj]
Done Building Project "C:\Users\40212722\Desktop\set08116\labs\coursework-build\CMakeFiles\CMakeTmp\cmTC_07ee4.vcxproj" (default targets) -- FAILED.

Build FAILED.

"C:\Users\40212722\Desktop\set08116\labs\coursework-build\CMakeFiles\CMakeTmp\cmTC_07ee4.vcxproj" (default target) (1) ->
(ClCompile target) -> 
  cl : Command line error D8021: invalid numeric argument '/Wl,--version-script='C:/Users/40212722/Desktop/set08116/labs/coursework-build/libpng-build/conftest.map'' [C:\Users\40212722\Desktop\set08116\labs\coursework-build\CMakeFiles\CMakeTmp\cmTC_07ee4.vcxproj]

    0 Warning(s)
    1 Error(s)

Time Elapsed 00:00:00.24

Source file was:
void sym(void) {}
void sym2(void) {}
int main(void) {return 0;}

Performing C SOURCE FILE Test HAVE_SOLARIS_LD_VERSION_SCRIPT failed with the following output:
Change Dir: C:/Users/40212722/Desktop/set08116/labs/coursework-build/CMakeFiles/CMakeTmp

Run Build Command:"C:/Program Files (x86)/MSBuild/14.0/bin/MSBuild.exe" "cmTC_1925b.vcxproj" "/p:Configuration=Debug" "/p:VisualStudioVersion=14.0"
Microsoft (R) Build Engine version 14.0.25420.1
Copyright (C) Microsoft Corporation. All rights reserved.

Build started 24/02/2017 11:43:54.
Project "C:\Users\40212722\Desktop\set08116\labs\coursework-build\CMakeFiles\CMakeTmp\cmTC_1925b.vcxproj" on node 1 (default targets).
PrepareForBuild:
  Creating directory "cmTC_1925b.dir\Debug\".
  Creating directory "C:\Users\40212722\Desktop\set08116\labs\coursework-build\CMakeFiles\CMakeTmp\Debug\".
  Creating directory "cmTC_1925b.dir\Debug\cmTC_1925b.tlog\".
InitializeBuildStatus:
  Creating "cmTC_1925b.dir\Debug\cmTC_1925b.tlog\unsuccessfulbuild" because "AlwaysCreate" was specified.
ClCompile:
  C:\Program Files (x86)\Microsoft Visual Studio 14.0\VC\bin\x86_amd64\CL.exe /c /Zi /W3 /WX- /Od /Ob0 /D WIN32 /D _WINDOWS /D HAVE_SOLARIS_LD_VERSION_SCRIPT /D _DEBUG /D "CMAKE_INTDIR=\"Debug\"" /D _MBCS /Gm- /RTC1 /MDd /GS /fp:precise /Zc:wchar_t /Zc:forScope /Zc:inline /Fo"cmTC_1925b.dir\Debug\\" /Fd"cmTC_1925b.dir\Debug\vc140.pdb" /Gd /TC /errorReport:queue  -Wl,-M -Wl,C:/Users/40212722/Desktop/set08116/labs/coursework-build/libpng-build/conftest.map "C:\Users\40212722\Desktop\set08116\labs\coursework-build\CMakeFiles\CMakeTmp\src.c"
  Microsoft (R) C/C++ Optimizing Compiler Version 19.00.24213.1 for x64
  Copyright (C) Microsoft Corporation.  All rights reserved.
  
  cl /c /Zi /W3 /WX- /Od /Ob0 /D WIN32 /D _WINDOWS /D HAVE_SOLARIS_LD_VERSION_SCRIPT /D _DEBUG /D "CMAKE_INTDIR=\"Debug\"" /D _MBCS /Gm- /RTC1 /MDd /GS /fp:precise /Zc:wchar_t /Zc:forScope /Zc:inline /Fo"cmTC_1925b.dir\Debug\\" /Fd"cmTC_1925b.dir\Debug\vc140.pdb" /Gd /TC /errorReport:queue  -Wl,-M -Wl,C:/Users/40212722/Desktop/set08116/labs/coursework-build/libpng-build/conftest.map "C:\Users\40212722\Desktop\set08116\labs\coursework-build\CMakeFiles\CMakeTmp\src.c"
cl : Command line error D8021: invalid numeric argument '/Wl,-M' [C:\Users\40212722\Desktop\set08116\labs\coursework-build\CMakeFiles\CMakeTmp\cmTC_1925b.vcxproj]
Done Building Project "C:\Users\40212722\Desktop\set08116\labs\coursework-build\CMakeFiles\CMakeTmp\cmTC_1925b.vcxproj" (default targets) -- FAILED.

Build FAILED.

"C:\Users\40212722\Desktop\set08116\labs\coursework-build\CMakeFiles\CMakeTmp\cmTC_1925b.vcxproj" (default target) (1) ->
(ClCompile target) -> 
  cl : Command line error D8021: invalid numeric argument '/Wl,-M' [C:\Users\40212722\Desktop\set08116\labs\coursework-build\CMakeFiles\CMakeTmp\cmTC_1925b.vcxproj]

    0 Warning(s)
    1 Error(s)

Time Elapsed 00:00:00.23

Source file was:
void sym(void) {}
void sym2(void) {}
int main(void) {return 0;}

Performing C++ SOURCE FILE Test COMPILER_HAS_DEPRECATED_ATTR failed with the following output:
Change Dir: C:/Users/40212722/Desktop/set08116/labs/coursework-build/CMakeFiles/CMakeTmp

Run Build Command:"C:/Program Files (x86)/MSBuild/14.0/bin/MSBuild.exe" "cmTC_f468b.vcxproj" "/p:Configuration=Debug" "/p:VisualStudioVersion=14.0"
Microsoft (R) Build Engine version 14.0.25420.1
Copyright (C) Microsoft Corporation. All rights reserved.

Build started 24/02/2017 11:44:10.
Project "C:\Users\40212722\Desktop\set08116\labs\coursework-build\CMakeFiles\CMakeTmp\cmTC_f468b.vcxproj" on node 1 (default targets).
PrepareForBuild:
  Creating directory "cmTC_f468b.dir\Debug\".
  Creating directory "C:\Users\40212722\Desktop\set08116\labs\coursework-build\CMakeFiles\CMakeTmp\Debug\".
  Creating directory "cmTC_f468b.dir\Debug\cmTC_f468b.tlog\".
InitializeBuildStatus:
  Creating "cmTC_f468b.dir\Debug\cmTC_f468b.tlog\unsuccessfulbuild" because "AlwaysCreate" was specified.
ClCompile:
  C:\Program Files (x86)\Microsoft Visual Studio 14.0\VC\bin\x86_amd64\CL.exe /c /Zi /W3 /WX- /Od /Ob0 /D WIN32 /D _WINDOWS /D COMPILER_HAS_DEPRECATED_ATTR /D _DEBUG /D "CMAKE_INTDIR=\"Debug\"" /D _MBCS /Gm- /EHsc /RTC1 /MDd /GS /fp:precise /Zc:wchar_t /Zc:forScope /Zc:inline /GR /Fo"cmTC_f468b.dir\Debug\\" /Fd"cmTC_f468b.dir\Debug\vc140.pdb" /Gd /TP /errorReport:queue "C:\Users\40212722\Desktop\set08116\labs\coursework-build\CMakeFiles\CMakeTmp\src.cxx"
  Microsoft (R) C/C++ Optimizing Compiler Version 19.00.24213.1 for x64
  Copyright (C) Microsoft Corporation.  All rights reserved.
  
  cl /c /Zi /W3 /WX- /Od /Ob0 /D WIN32 /D _WINDOWS /D COMPILER_HAS_DEPRECATED_ATTR /D _DEBUG /D "CMAKE_INTDIR=\"Debug\"" /D _MBCS /Gm- /EHsc /RTC1 /MDd /GS /fp:precise /Zc:wchar_t /Zc:forScope /Zc:inline /GR /Fo"cmTC_f468b.dir\Debug\\" /Fd"cmTC_f468b.dir\Debug\vc140.pdb" /Gd /TP /errorReport:queue "C:\Users\40212722\Desktop\set08116\labs\coursework-build\CMakeFiles\CMakeTmp\src.cxx"
  src.cxx
  
C:\Users\40212722\Desktop\set08116\labs\coursework-build\CMakeFiles\CMakeTmp\src.cxx(1): error C2065: '__deprecated__': undeclared identifier [C:\Users\40212722\Desktop\set08116\labs\coursework-build\CMakeFiles\CMakeTmp\cmTC_f468b.vcxproj]
C:\Users\40212722\Desktop\set08116\labs\coursework-build\CMakeFiles\CMakeTmp\src.cxx(1): error C4430: missing type specifier - int assumed. Note: C++ does not support default-int [C:\Users\40212722\Desktop\set08116\labs\coursework-build\CMakeFiles\CMakeTmp\cmTC_f468b.vcxproj]
C:\Users\40212722\Desktop\set08116\labs\coursework-build\CMakeFiles\CMakeTmp\src.cxx(1): error C2448: '__attribute__': function-style initializer appears to be a function definition [C:\Users\40212722\Desktop\set08116\labs\coursework-build\CMakeFiles\CMakeTmp\cmTC_f468b.vcxproj]
Done Building Project "C:\Users\40212722\Desktop\set08116\labs\coursework-build\CMakeFiles\CMakeTmp\cmTC_f468b.vcxproj" (default targets) -- FAILED.

Build FAILED.

"C:\Users\40212722\Desktop\set08116\labs\coursework-build\CMakeFiles\CMakeTmp\cmTC_f468b.vcxproj" (default target) (1) ->
(ClCompile target) -> 
  C:\Users\40212722\Desktop\set08116\labs\coursework-build\CMakeFiles\CMakeTmp\src.cxx(1): error C2065: '__deprecated__': undeclared identifier [C:\Users\40212722\Desktop\set08116\labs\coursework-build\CMakeFiles\CMakeTmp\cmTC_f468b.vcxproj]
  C:\Users\40212722\Desktop\set08116\labs\coursework-build\CMakeFiles\CMakeTmp\src.cxx(1): error C4430: missing type specifier - int assumed. Note: C++ does not support default-int [C:\Users\40212722\Desktop\set08116\labs\coursework-build\CMakeFiles\CMakeTmp\cmTC_f468b.vcxproj]
  C:\Users\40212722\Desktop\set08116\labs\coursework-build\CMakeFiles\CMakeTmp\src.cxx(1): error C2448: '__attribute__': function-style initializer appears to be a function definition [C:\Users\40212722\Desktop\set08116\labs\coursework-build\CMakeFiles\CMakeTmp\cmTC_f468b.vcxproj]

    0 Warning(s)
    3 Error(s)

Time Elapsed 00:00:00.29

Source file was:
__attribute__((__deprecated__)) int somefunc() { return 0; }
    int main() { return somefunc();}
